[+] Containers:
 |- [+] Container: /Game/ThirdPerson/Maps/ThirdPersonMap
 |   |- [+] ActorDescs:
 |   |   |- Guid:2FB58999456391D349DC0F86DAC136ED BaseClass: NativeClass:/Script/Engine.SkyLight Name:SkyLight_1 Label:SkyLight SpatiallyLoaded:0 Bounds:IsValid=true, Min=(X=0.000 Y=0.000 Z=690.000), Max=(X=0.000 Y=0.000 Z=690.000) RuntimeGrid:None EditorOnly:0 RuntimeOnly:0 HLODRelevant:0 FolderPath:Lighting FolderGuid:963EC3EB4002CCE9759E2EBA541A873A
 |   |   |- Guid:316CF2A6494ACA4C0E4180A87D36AB8F BaseClass: NativeClass:/Script/Engine.ExponentialHeightFog Name:ExponentialHeightFog_0 Label:ExponentialHeightFog SpatiallyLoaded:0 Bounds:IsValid=true, Min=(X=-5600.000 Y=-50.000 Z=-6850.000), Max=(X=-5600.000 Y=-50.000 Z=-6850.000) RuntimeGrid:None EditorOnly:0 RuntimeOnly:0 HLODRelevant:0 FolderPath:Lighting FolderGuid:963EC3EB4002CCE9759E2EBA541A873A
 |   |   |- Guid:37FE93804694041332F7D889DA4FF3D2 BaseClass:/Game/SecondExecices/Trigger/Other_Trigger/BP_Trigger_2.BP_Trigger_2_C NativeClass:/Script/Engine.Actor Name:BP_Trigger_2_C_UAID_CC96E56FEC1AF7AC01_1911759271 Label:BP_Trigger_2 SpatiallyLoaded:1 Bounds:IsValid=true, Min=(X=973.312 Y=1085.750 Z=-17.938), Max=(X=1032.688 Y=1148.250 Z=3.938) RuntimeGrid:None EditorOnly:0 RuntimeOnly:0 HLODRelevant:0
 |   |   |- Guid:3A00AA1C422CE54C0BDB60BAF471BFBB BaseClass: NativeClass:/Script/Engine.PlayerStart Name:PlayerStart_0 Label:PlayerStart SpatiallyLoaded:0 Bounds:IsValid=true, Min=(X=210.000 Y=1070.000 Z=0.013), Max=(X=290.000 Y=1150.000 Z=184.013) RuntimeGrid:None EditorOnly:0 RuntimeOnly:0 HLODRelevant:0
 |   |   |- Guid:44A93D65415D58147663BBA5D81ABA0D BaseClass: NativeClass:/Script/Engine.StaticMeshActor Name:StaticMeshActor_UAID_CC96E56FEC1AE7AC01_1374875448 Label:SM_Cube6 SpatiallyLoaded:1 Bounds:IsValid=true, Min=(X=3400.000 Y=670.000 Z=0.000), Max=(X=3500.000 Y=1551.250 Z=400.000) RuntimeGrid:None EditorOnly:0 RuntimeOnly:0 HLODRelevant:1 FolderPath:Playground FolderGuid:C73F09FC4215536B1DCE2A9E0A830C70
 |   |   |- Guid:46588A7F4969F13982EF3CBD9FC93D8C BaseClass: NativeClass:/Script/Engine.StaticMeshActor Name:StaticMeshActor_UAID_CC96E56FEC1AE7AC01_1354998447 Label:SM_Cube4 SpatiallyLoaded:1 Bounds:IsValid=true, Min=(X=0.000 Y=660.000 Z=0.000), Max=(X=3400.000 Y=760.000 Z=400.000) RuntimeGrid:None EditorOnly:0 RuntimeOnly:0 HLODRelevant:1 FolderPath:Playground FolderGuid:C73F09FC4215536B1DCE2A9E0A830C70
 |   |   |- Guid:4D3BE93F4146AAAC8BBE79999D96D57F BaseClass: NativeClass:/Script/Engine.VolumetricCloud Name:VolumetricCloud_0 Label:VolumetricCloud SpatiallyLoaded:0 Bounds:IsValid=true, Min=(X=0.000 Y=0.000 Z=820.000), Max=(X=0.000 Y=0.000 Z=820.000) RuntimeGrid:None EditorOnly:0 RuntimeOnly:0 HLODRelevant:0 FolderPath:Lighting FolderGuid:963EC3EB4002CCE9759E2EBA541A873A
 |   |   |- Guid:6BAF4DDD444C60371492D3919DB42C97 BaseClass: NativeClass:/Script/Engine.WorldDataLayers Name:WorldDataLayers Label:WorldDataLayers SpatiallyLoaded:0 Bounds:IsValid=true, Min=(X=0.000 Y=0.000 Z=0.000), Max=(X=0.000 Y=0.000 Z=0.000) RuntimeGrid:None EditorOnly:0 RuntimeOnly:0 HLODRelevant:0
 |   |   |- Guid:6CB72A9348C7B8D093BF368A325ECA24 BaseClass: NativeClass:/Script/Engine.StaticMeshActor Name:StaticMeshActor_UAID_CC96E56FEC1AF7AC01_1798088268 Label:SM_Cube10 SpatiallyLoaded:1 Bounds:IsValid=true, Min=(X=1163.000 Y=1059.375 Z=212.000), Max=(X=1263.000 Y=1175.000 Z=399.500) RuntimeGrid:None EditorOnly:0 RuntimeOnly:0 HLODRelevant:1 FolderPath:Playground FolderGuid:C73F09FC4215536B1DCE2A9E0A830C70
 |   |   |- Guid:75D8903D43090398EBFBE8A598B16353 BaseClass:/Game/SecondExecices/Trigger/Other_Trigger/BP_Trigger_1.BP_Trigger_1_C NativeClass:/Script/Engine.Actor Name:BP_Trigger_1_C_UAID_CC96E56FEC1AF7AC01_1880576270 Label:BP_Trigger_1 SpatiallyLoaded:1 Bounds:IsValid=true, Min=(X=968.312 Y=832.750 Z=-17.938), Max=(X=1027.688 Y=895.250 Z=3.938) RuntimeGrid:None EditorOnly:0 RuntimeOnly:0 HLODRelevant:0
 |   |   |- Guid:765E329C402B3EA85070E3AC13B61CB2 BaseClass: NativeClass:/Script/Engine.StaticMeshActor Name:StaticMeshActor_UAID_CC96E56FEC1AF7AC01_1528163263 Label:SM_Cube7 SpatiallyLoaded:1 Bounds:IsValid=true, Min=(X=1163.000 Y=874.000 Z=0.000), Max=(X=1263.000 Y=1058.375 Z=400.000) RuntimeGrid:None EditorOnly:0 RuntimeOnly:0 HLODRelevant:1 FolderPath:Playground FolderGuid:C73F09FC4215536B1DCE2A9E0A830C70
 |   |   |- Guid:8522739C438672C1F0DD16887A0F6DAE BaseClass:/Game/SecondExecices/Door/BP_DoorExo_1.BP_DoorExo_1_C NativeClass:/Script/Engine.Actor Name:BP_Door_C_UAID_CC96E56FEC1AEAAC01_1440391980 Label:BP_Door SpatiallyLoaded:1 Bounds:IsValid=true, Min=(X=1192.581 Y=1058.004 Z=0.000), Max=(X=1217.419 Y=1171.996 Z=211.996) RuntimeGrid:None EditorOnly:0 RuntimeOnly:0 HLODRelevant:0
 |   |   |- Guid:97379C904CA1D59069E95A94AF93CEA1 BaseClass: NativeClass:/Script/Engine.StaticMeshActor Name:StaticMeshActor_UAID_CC96E56FEC1AF7AC01_1832952269 Label:SM_Cube11 SpatiallyLoaded:1 Bounds:IsValid=true, Min=(X=1163.000 Y=1346.375 Z=212.000), Max=(X=1263.000 Y=1462.000 Z=399.500) RuntimeGrid:None EditorOnly:0 RuntimeOnly:0 HLODRelevant:1 FolderPath:Playground FolderGuid:C73F09FC4215536B1DCE2A9E0A830C70
 |   |   |- Guid:9752E76A4C00847CF19534872996D13A BaseClass:/Game/SecondExecices/Trigger/First_Trigger/BP_First_Trigger.BP_First_Trigger_C NativeClass:/Script/Engine.Actor Name:BP_First_Trigger_C_UAID_CC96E56FEC1AEAAC01_1448896981 Label:BP_First_Trigger SpatiallyLoaded:1 Bounds:IsValid=true, Min=(X=717.312 Y=1083.750 Z=-15.438), Max=(X=776.688 Y=1146.250 Z=9.438) RuntimeGrid:None EditorOnly:0 RuntimeOnly:0 HLODRelevant:0
 |   |   |- Guid:9C9DCDCC4FA5F8A314E690930B86536E BaseClass:/Game/SecondExecices/Door/BP_DoorExo_2.BP_DoorExo_2_C NativeClass:/Script/Engine.Actor Name:BP_DoorExo_2_C_UAID_CC96E56FEC1AF7AC01_1588828264 Label:BP_DoorExo_2 SpatiallyLoaded:1 Bounds:IsValid=true, Min=(X=1172.581 Y=760.004 Z=0.000), Max=(X=1197.419 Y=873.996 Z=211.996) RuntimeGrid:None EditorOnly:0 RuntimeOnly:0 HLODRelevant:0
 |   |   |- Guid:A415CB4C4472C1606707A59CCA764AB2 BaseClass: NativeClass:/Script/Engine.StaticMeshActor Name:StaticMeshActor_UAID_CC96E56FEC1AF7AC01_1720479267 Label:SM_Cube9 SpatiallyLoaded:1 Bounds:IsValid=true, Min=(X=1163.000 Y=757.250 Z=212.000), Max=(X=1263.000 Y=876.000 Z=399.500) RuntimeGrid:None EditorOnly:0 RuntimeOnly:0 HLODRelevant:1 FolderPath:Playground FolderGuid:C73F09FC4215536B1DCE2A9E0A830C70
 |   |   |- Guid:A56216954B2165CF0F35A886B537D536 BaseClass: NativeClass:/Script/Engine.StaticMeshActor Name:StaticMeshActor_0 Label:SM_Cube5 SpatiallyLoaded:1 Bounds:IsValid=true, Min=(X=-0.000 Y=670.000 Z=0.000), Max=(X=100.000 Y=1551.250 Z=400.000) RuntimeGrid:None EditorOnly:0 RuntimeOnly:0 HLODRelevant:1 FolderPath:Playground FolderGuid:C73F09FC4215536B1DCE2A9E0A830C70
 |   |   |- Guid:B785ED2844B84CFB91E7F39FE661CD99 BaseClass: NativeClass:/Script/Engine.DirectionalLight Name:DirectionalLight_0 Label:DirectionalLight SpatiallyLoaded:0 Bounds:IsValid=true, Min=(X=-4398046511104.000 Y=-4398046511104.000 Z=-4398046511104.000), Max=(X=4398046511104.000 Y=4398046511104.000 Z=4398046511104.000) RuntimeGrid:None EditorOnly:0 RuntimeOnly:0 HLODRelevant:0 FolderPath:Lighting FolderGuid:963EC3EB4002CCE9759E2EBA541A873A
 |   |   |- Guid:B91E6E564F5A3F6D45BADFB59B0ACC41 BaseClass: NativeClass:/Script/Engine.StaticMeshActor Name:StaticMeshActor_UAID_CC96E56FEC1AF7AC01_1688547266 Label:SM_Cube8 SpatiallyLoaded:1 Bounds:IsValid=true, Min=(X=1163.000 Y=1174.000 Z=0.000), Max=(X=1263.000 Y=1345.875 Z=400.000) RuntimeGrid:None EditorOnly:0 RuntimeOnly:0 HLODRelevant:1 FolderPath:Playground FolderGuid:C73F09FC4215536B1DCE2A9E0A830C70
 |   |   |- Guid:CCFF262C46EEFFDF319E7F9539CE697E BaseClass: NativeClass:/Script/Engine.SkyAtmosphere Name:SkyAtmosphere_0 Label:SkyAtmosphere SpatiallyLoaded:0 Bounds:IsValid=true, Min=(X=0.000 Y=0.000 Z=1020.000), Max=(X=0.000 Y=0.000 Z=1020.000) RuntimeGrid:None EditorOnly:0 RuntimeOnly:0 HLODRelevant:0 FolderPath:Lighting FolderGuid:963EC3EB4002CCE9759E2EBA541A873A
 |   |   |- Guid:EA54EAB040BF0AF9814830A9AA662BEC BaseClass:/Game/SecondExecices/Door/BP_DoorExo_3.BP_DoorExo_3_C NativeClass:/Script/Engine.Actor Name:BP_DoorExo_3_C_UAID_CC96E56FEC1AF7AC01_1592607265 Label:BP_DoorExo_3 SpatiallyLoaded:1 Bounds:IsValid=true, Min=(X=1183.581 Y=1346.004 Z=0.000), Max=(X=1208.419 Y=1459.996 Z=211.996) RuntimeGrid:None EditorOnly:0 RuntimeOnly:0 HLODRelevant:0
 |   |   |- Guid:EC4E0C944CE6AC6E784BC6BB2916EA13 BaseClass: NativeClass:/Script/Engine.StaticMeshActor Name:StaticMeshActor_UAID_A4AE111137DC5EFB00_1110535423 Label:SM_SkySphere SpatiallyLoaded:0 Bounds:IsValid=true, Min=(X=-1638400.000 Y=-1638400.000 Z=-1638400.000), Max=(X=1638400.000 Y=1638400.000 Z=1638400.000) RuntimeGrid:None EditorOnly:0 RuntimeOnly:0 HLODRelevant:1 FolderPath:Lighting FolderGuid:963EC3EB4002CCE9759E2EBA541A873A
 |   |   |- Guid:F10853784F87B28370216384B765F55F BaseClass:/Game/SecondExecices/Trigger/Other_Trigger/BP_Trigger_3.BP_Trigger_3_C NativeClass:/Script/Engine.Actor Name:BP_Trigger_3_C_UAID_CC96E56FEC1AF7AC01_1920926272 Label:BP_Trigger_3 SpatiallyLoaded:1 Bounds:IsValid=true, Min=(X=973.312 Y=1331.750 Z=-17.938), Max=(X=1032.688 Y=1394.250 Z=3.938) RuntimeGrid:None EditorOnly:0 RuntimeOnly:0 HLODRelevant:0
 |   |   |- Guid:F1924B8D48954B30891B2DB6A694F9CC BaseClass: NativeClass:/Script/Engine.StaticMeshActor Name:StaticMeshActor_1 Label:SM_Cube SpatiallyLoaded:1 Bounds:IsValid=true, Min=(X=0.000 Y=758.750 Z=-50.000), Max=(X=3400.000 Y=1465.000 Z=0.000) RuntimeGrid:None EditorOnly:0 RuntimeOnly:0 HLODRelevant:1 FolderPath:Playground FolderGuid:C73F09FC4215536B1DCE2A9E0A830C70
 |   |   |- Guid:F5E3FEB3450C49844FD93DA8E083C8AD BaseClass: NativeClass:/Script/Engine.PostProcessVolume Name:PostProcessVolume_0 Label:PostProcessVolume SpatiallyLoaded:0 Bounds:IsValid=true, Min=(X=0.000 Y=0.000 Z=400.000), Max=(X=200.000 Y=200.000 Z=600.000) RuntimeGrid:None EditorOnly:0 RuntimeOnly:0 HLODRelevant:0 FolderPath:Lighting FolderGuid:963EC3EB4002CCE9759E2EBA541A873A
 |   |   |- Guid:FF698C67459ADB4982D7759C0905EE9F BaseClass: NativeClass:/Script/Engine.StaticMeshActor Name:StaticMeshActor_6 Label:SM_Cube3 SpatiallyLoaded:1 Bounds:IsValid=true, Min=(X=0.000 Y=1460.000 Z=0.000), Max=(X=3400.000 Y=1560.000 Z=400.000) RuntimeGrid:None EditorOnly:0 RuntimeOnly:0 HLODRelevant:1 FolderPath:Playground FolderGuid:C73F09FC4215536B1DCE2A9E0A830C70
 |   |- [+] Clusters:
 |   |   |- [+] [  0]
 |   |   |   |- Guid:6BAF4DDD444C60371492D3919DB42C97 BaseClass: NativeClass:/Script/Engine.WorldDataLayers Name:WorldDataLayers Label:WorldDataLayers SpatiallyLoaded:0 Bounds:IsValid=true, Min=(X=0.000 Y=0.000 Z=0.000), Max=(X=0.000 Y=0.000 Z=0.000) RuntimeGrid:None EditorOnly:0 RuntimeOnly:0 HLODRelevant:0
 |   |   |- [+] [  1]
 |   |   |   |- Guid:F10853784F87B28370216384B765F55F BaseClass:/Game/SecondExecices/Trigger/Other_Trigger/BP_Trigger_3.BP_Trigger_3_C NativeClass:/Script/Engine.Actor Name:BP_Trigger_3_C_UAID_CC96E56FEC1AF7AC01_1920926272 Label:BP_Trigger_3 SpatiallyLoaded:1 Bounds:IsValid=true, Min=(X=973.312 Y=1331.750 Z=-17.938), Max=(X=1032.688 Y=1394.250 Z=3.938) RuntimeGrid:None EditorOnly:0 RuntimeOnly:0 HLODRelevant:0
 |   |   |- [+] [  2]
 |   |   |   |- Guid:9752E76A4C00847CF19534872996D13A BaseClass:/Game/SecondExecices/Trigger/First_Trigger/BP_First_Trigger.BP_First_Trigger_C NativeClass:/Script/Engine.Actor Name:BP_First_Trigger_C_UAID_CC96E56FEC1AEAAC01_1448896981 Label:BP_First_Trigger SpatiallyLoaded:1 Bounds:IsValid=true, Min=(X=717.312 Y=1083.750 Z=-15.438), Max=(X=776.688 Y=1146.250 Z=9.438) RuntimeGrid:None EditorOnly:0 RuntimeOnly:0 HLODRelevant:0
 |   |   |- [+] [  3]
 |   |   |   |- Guid:75D8903D43090398EBFBE8A598B16353 BaseClass:/Game/SecondExecices/Trigger/Other_Trigger/BP_Trigger_1.BP_Trigger_1_C NativeClass:/Script/Engine.Actor Name:BP_Trigger_1_C_UAID_CC96E56FEC1AF7AC01_1880576270 Label:BP_Trigger_1 SpatiallyLoaded:1 Bounds:IsValid=true, Min=(X=968.312 Y=832.750 Z=-17.938), Max=(X=1027.688 Y=895.250 Z=3.938) RuntimeGrid:None EditorOnly:0 RuntimeOnly:0 HLODRelevant:0
 |   |   |- [+] [  4]
 |   |   |   |- Guid:F5E3FEB3450C49844FD93DA8E083C8AD BaseClass: NativeClass:/Script/Engine.PostProcessVolume Name:PostProcessVolume_0 Label:PostProcessVolume SpatiallyLoaded:0 Bounds:IsValid=true, Min=(X=0.000 Y=0.000 Z=400.000), Max=(X=200.000 Y=200.000 Z=600.000) RuntimeGrid:None EditorOnly:0 RuntimeOnly:0 HLODRelevant:0 FolderPath:Lighting FolderGuid:963EC3EB4002CCE9759E2EBA541A873A
 |   |   |- [+] [  5]
 |   |   |   |- Guid:37FE93804694041332F7D889DA4FF3D2 BaseClass:/Game/SecondExecices/Trigger/Other_Trigger/BP_Trigger_2.BP_Trigger_2_C NativeClass:/Script/Engine.Actor Name:BP_Trigger_2_C_UAID_CC96E56FEC1AF7AC01_1911759271 Label:BP_Trigger_2 SpatiallyLoaded:1 Bounds:IsValid=true, Min=(X=973.312 Y=1085.750 Z=-17.938), Max=(X=1032.688 Y=1148.250 Z=3.938) RuntimeGrid:None EditorOnly:0 RuntimeOnly:0 HLODRelevant:0
 |   |   |- [+] [  6]
 |   |   |   |- Guid:765E329C402B3EA85070E3AC13B61CB2 BaseClass: NativeClass:/Script/Engine.StaticMeshActor Name:StaticMeshActor_UAID_CC96E56FEC1AF7AC01_1528163263 Label:SM_Cube7 SpatiallyLoaded:1 Bounds:IsValid=true, Min=(X=1163.000 Y=874.000 Z=0.000), Max=(X=1263.000 Y=1058.375 Z=400.000) RuntimeGrid:None EditorOnly:0 RuntimeOnly:0 HLODRelevant:1 FolderPath:Playground FolderGuid:C73F09FC4215536B1DCE2A9E0A830C70
 |   |   |- [+] [  7]
 |   |   |   |- Guid:4D3BE93F4146AAAC8BBE79999D96D57F BaseClass: NativeClass:/Script/Engine.VolumetricCloud Name:VolumetricCloud_0 Label:VolumetricCloud SpatiallyLoaded:0 Bounds:IsValid=true, Min=(X=0.000 Y=0.000 Z=820.000), Max=(X=0.000 Y=0.000 Z=820.000) RuntimeGrid:None EditorOnly:0 RuntimeOnly:0 HLODRelevant:0 FolderPath:Lighting FolderGuid:963EC3EB4002CCE9759E2EBA541A873A
 |   |   |- [+] [  8]
 |   |   |   |- Guid:EA54EAB040BF0AF9814830A9AA662BEC BaseClass:/Game/SecondExecices/Door/BP_DoorExo_3.BP_DoorExo_3_C NativeClass:/Script/Engine.Actor Name:BP_DoorExo_3_C_UAID_CC96E56FEC1AF7AC01_1592607265 Label:BP_DoorExo_3 SpatiallyLoaded:1 Bounds:IsValid=true, Min=(X=1183.581 Y=1346.004 Z=0.000), Max=(X=1208.419 Y=1459.996 Z=211.996) RuntimeGrid:None EditorOnly:0 RuntimeOnly:0 HLODRelevant:0
 |   |   |- [+] [  9]
 |   |   |   |- Guid:CCFF262C46EEFFDF319E7F9539CE697E BaseClass: NativeClass:/Script/Engine.SkyAtmosphere Name:SkyAtmosphere_0 Label:SkyAtmosphere SpatiallyLoaded:0 Bounds:IsValid=true, Min=(X=0.000 Y=0.000 Z=1020.000), Max=(X=0.000 Y=0.000 Z=1020.000) RuntimeGrid:None EditorOnly:0 RuntimeOnly:0 HLODRelevant:0 FolderPath:Lighting FolderGuid:963EC3EB4002CCE9759E2EBA541A873A
 |   |   |- [+] [ 10]
 |   |   |   |- Guid:EC4E0C944CE6AC6E784BC6BB2916EA13 BaseClass: NativeClass:/Script/Engine.StaticMeshActor Name:StaticMeshActor_UAID_A4AE111137DC5EFB00_1110535423 Label:SM_SkySphere SpatiallyLoaded:0 Bounds:IsValid=true, Min=(X=-1638400.000 Y=-1638400.000 Z=-1638400.000), Max=(X=1638400.000 Y=1638400.000 Z=1638400.000) RuntimeGrid:None EditorOnly:0 RuntimeOnly:0 HLODRelevant:1 FolderPath:Lighting FolderGuid:963EC3EB4002CCE9759E2EBA541A873A
 |   |   |- [+] [ 11]
 |   |   |   |- Guid:44A93D65415D58147663BBA5D81ABA0D BaseClass: NativeClass:/Script/Engine.StaticMeshActor Name:StaticMeshActor_UAID_CC96E56FEC1AE7AC01_1374875448 Label:SM_Cube6 SpatiallyLoaded:1 Bounds:IsValid=true, Min=(X=3400.000 Y=670.000 Z=0.000), Max=(X=3500.000 Y=1551.250 Z=400.000) RuntimeGrid:None EditorOnly:0 RuntimeOnly:0 HLODRelevant:1 FolderPath:Playground FolderGuid:C73F09FC4215536B1DCE2A9E0A830C70
 |   |   |- [+] [ 12]
 |   |   |   |- Guid:A415CB4C4472C1606707A59CCA764AB2 BaseClass: NativeClass:/Script/Engine.StaticMeshActor Name:StaticMeshActor_UAID_CC96E56FEC1AF7AC01_1720479267 Label:SM_Cube9 SpatiallyLoaded:1 Bounds:IsValid=true, Min=(X=1163.000 Y=757.250 Z=212.000), Max=(X=1263.000 Y=876.000 Z=399.500) RuntimeGrid:None EditorOnly:0 RuntimeOnly:0 HLODRelevant:1 FolderPath:Playground FolderGuid:C73F09FC4215536B1DCE2A9E0A830C70
 |   |   |- [+] [ 13]
 |   |   |   |- Guid:B785ED2844B84CFB91E7F39FE661CD99 BaseClass: NativeClass:/Script/Engine.DirectionalLight Name:DirectionalLight_0 Label:DirectionalLight SpatiallyLoaded:0 Bounds:IsValid=true, Min=(X=-4398046511104.000 Y=-4398046511104.000 Z=-4398046511104.000), Max=(X=4398046511104.000 Y=4398046511104.000 Z=4398046511104.000) RuntimeGrid:None EditorOnly:0 RuntimeOnly:0 HLODRelevant:0 FolderPath:Lighting FolderGuid:963EC3EB4002CCE9759E2EBA541A873A
 |   |   |- [+] [ 14]
 |   |   |   |- Guid:316CF2A6494ACA4C0E4180A87D36AB8F BaseClass: NativeClass:/Script/Engine.ExponentialHeightFog Name:ExponentialHeightFog_0 Label:ExponentialHeightFog SpatiallyLoaded:0 Bounds:IsValid=true, Min=(X=-5600.000 Y=-50.000 Z=-6850.000), Max=(X=-5600.000 Y=-50.000 Z=-6850.000) RuntimeGrid:None EditorOnly:0 RuntimeOnly:0 HLODRelevant:0 FolderPath:Lighting FolderGuid:963EC3EB4002CCE9759E2EBA541A873A
 |   |   |- [+] [ 15]
 |   |   |   |- Guid:F1924B8D48954B30891B2DB6A694F9CC BaseClass: NativeClass:/Script/Engine.StaticMeshActor Name:StaticMeshActor_1 Label:SM_Cube SpatiallyLoaded:1 Bounds:IsValid=true, Min=(X=0.000 Y=758.750 Z=-50.000), Max=(X=3400.000 Y=1465.000 Z=0.000) RuntimeGrid:None EditorOnly:0 RuntimeOnly:0 HLODRelevant:1 FolderPath:Playground FolderGuid:C73F09FC4215536B1DCE2A9E0A830C70
 |   |   |- [+] [ 16]
 |   |   |   |- Guid:2FB58999456391D349DC0F86DAC136ED BaseClass: NativeClass:/Script/Engine.SkyLight Name:SkyLight_1 Label:SkyLight SpatiallyLoaded:0 Bounds:IsValid=true, Min=(X=0.000 Y=0.000 Z=690.000), Max=(X=0.000 Y=0.000 Z=690.000) RuntimeGrid:None EditorOnly:0 RuntimeOnly:0 HLODRelevant:0 FolderPath:Lighting FolderGuid:963EC3EB4002CCE9759E2EBA541A873A
 |   |   |- [+] [ 17]
 |   |   |   |- Guid:46588A7F4969F13982EF3CBD9FC93D8C BaseClass: NativeClass:/Script/Engine.StaticMeshActor Name:StaticMeshActor_UAID_CC96E56FEC1AE7AC01_1354998447 Label:SM_Cube4 SpatiallyLoaded:1 Bounds:IsValid=true, Min=(X=0.000 Y=660.000 Z=0.000), Max=(X=3400.000 Y=760.000 Z=400.000) RuntimeGrid:None EditorOnly:0 RuntimeOnly:0 HLODRelevant:1 FolderPath:Playground FolderGuid:C73F09FC4215536B1DCE2A9E0A830C70
 |   |   |- [+] [ 18]
 |   |   |   |- Guid:A56216954B2165CF0F35A886B537D536 BaseClass: NativeClass:/Script/Engine.StaticMeshActor Name:StaticMeshActor_0 Label:SM_Cube5 SpatiallyLoaded:1 Bounds:IsValid=true, Min=(X=-0.000 Y=670.000 Z=0.000), Max=(X=100.000 Y=1551.250 Z=400.000) RuntimeGrid:None EditorOnly:0 RuntimeOnly:0 HLODRelevant:1 FolderPath:Playground FolderGuid:C73F09FC4215536B1DCE2A9E0A830C70
 |   |   |- [+] [ 19]
 |   |   |   |- Guid:8522739C438672C1F0DD16887A0F6DAE BaseClass:/Game/SecondExecices/Door/BP_DoorExo_1.BP_DoorExo_1_C NativeClass:/Script/Engine.Actor Name:BP_Door_C_UAID_CC96E56FEC1AEAAC01_1440391980 Label:BP_Door SpatiallyLoaded:1 Bounds:IsValid=true, Min=(X=1192.581 Y=1058.004 Z=0.000), Max=(X=1217.419 Y=1171.996 Z=211.996) RuntimeGrid:None EditorOnly:0 RuntimeOnly:0 HLODRelevant:0
 |   |   |- [+] [ 20]
 |   |   |   |- Guid:97379C904CA1D59069E95A94AF93CEA1 BaseClass: NativeClass:/Script/Engine.StaticMeshActor Name:StaticMeshActor_UAID_CC96E56FEC1AF7AC01_1832952269 Label:SM_Cube11 SpatiallyLoaded:1 Bounds:IsValid=true, Min=(X=1163.000 Y=1346.375 Z=212.000), Max=(X=1263.000 Y=1462.000 Z=399.500) RuntimeGrid:None EditorOnly:0 RuntimeOnly:0 HLODRelevant:1 FolderPath:Playground FolderGuid:C73F09FC4215536B1DCE2A9E0A830C70
 |   |   |- [+] [ 21]
 |   |   |   |- Guid:9C9DCDCC4FA5F8A314E690930B86536E BaseClass:/Game/SecondExecices/Door/BP_DoorExo_2.BP_DoorExo_2_C NativeClass:/Script/Engine.Actor Name:BP_DoorExo_2_C_UAID_CC96E56FEC1AF7AC01_1588828264 Label:BP_DoorExo_2 SpatiallyLoaded:1 Bounds:IsValid=true, Min=(X=1172.581 Y=760.004 Z=0.000), Max=(X=1197.419 Y=873.996 Z=211.996) RuntimeGrid:None EditorOnly:0 RuntimeOnly:0 HLODRelevant:0
 |   |   |- [+] [ 22]
 |   |   |   |- Guid:FF698C67459ADB4982D7759C0905EE9F BaseClass: NativeClass:/Script/Engine.StaticMeshActor Name:StaticMeshActor_6 Label:SM_Cube3 SpatiallyLoaded:1 Bounds:IsValid=true, Min=(X=0.000 Y=1460.000 Z=0.000), Max=(X=3400.000 Y=1560.000 Z=400.000) RuntimeGrid:None EditorOnly:0 RuntimeOnly:0 HLODRelevant:1 FolderPath:Playground FolderGuid:C73F09FC4215536B1DCE2A9E0A830C70
 |   |   |- [+] [ 23]
 |   |   |   |- Guid:3A00AA1C422CE54C0BDB60BAF471BFBB BaseClass: NativeClass:/Script/Engine.PlayerStart Name:PlayerStart_0 Label:PlayerStart SpatiallyLoaded:0 Bounds:IsValid=true, Min=(X=210.000 Y=1070.000 Z=0.013), Max=(X=290.000 Y=1150.000 Z=184.013) RuntimeGrid:None EditorOnly:0 RuntimeOnly:0 HLODRelevant:0
 |   |   |- [+] [ 24]
 |   |   |   |- Guid:6CB72A9348C7B8D093BF368A325ECA24 BaseClass: NativeClass:/Script/Engine.StaticMeshActor Name:StaticMeshActor_UAID_CC96E56FEC1AF7AC01_1798088268 Label:SM_Cube10 SpatiallyLoaded:1 Bounds:IsValid=true, Min=(X=1163.000 Y=1059.375 Z=212.000), Max=(X=1263.000 Y=1175.000 Z=399.500) RuntimeGrid:None EditorOnly:0 RuntimeOnly:0 HLODRelevant:1 FolderPath:Playground FolderGuid:C73F09FC4215536B1DCE2A9E0A830C70
 |   |   |- [+] [ 25]
 |   |   |   |- Guid:B91E6E564F5A3F6D45BADFB59B0ACC41 BaseClass: NativeClass:/Script/Engine.StaticMeshActor Name:StaticMeshActor_UAID_CC96E56FEC1AF7AC01_1688547266 Label:SM_Cube8 SpatiallyLoaded:1 Bounds:IsValid=true, Min=(X=1163.000 Y=1174.000 Z=0.000), Max=(X=1263.000 Y=1345.875 Z=400.000) RuntimeGrid:None EditorOnly:0 RuntimeOnly:0 HLODRelevant:1 FolderPath:Playground FolderGuid:C73F09FC4215536B1DCE2A9E0A830C70
 |- ContainerInstances:
 |- [+] MainContainer:
 |   |-        ID: 0x0000000000000000
 |   |-    Bounds: IsValid=false, Min=(X=0.000 Y=0.000 Z=0.000), Max=(X=0.000 Y=0.000 Z=0.000)
 |   |- Transform: 0.000000,0.000000,0.000000|0.000000,0.000000,-0.000000|1.000000,1.000000,1.000000
 |   |- Container: /Game/ThirdPerson/Maps/ThirdPersonMap
----------------------------------------------------------------------------------------------------------------
ThirdPersonMap - Persistent Level
----------------------------------------------------------------------------------------------------------------
Always loaded Actor Count: 35 

----------------------------------------------------------------------------------------------------------------
ThirdPersonMap - Runtime Spatial Hash - Streaming Grid - MainGrid
----------------------------------------------------------------------------------------------------------------
            Origin: X=0.000 Y=0.000 Z=0.000
         Cell Size: 12800
      World Bounds: IsValid=false, Min=(X=0.000 Y=0.000 Z=0.000), Max=(X=0.000 Y=0.000 Z=0.000)
     Loading Range: 25600.00
Block Slow Loading: No
 ClientOnlyVisible: No

[+] Grid Levels: 1
 |- Level  0: Cell Count    0 | Cell Size   12800 | Actor Count    0 (0.0%)

[+] Content of Grid Level 0

